<?xml version="1.0" encoding="UTF-8"?>
<testsuite name="tests.Login" tests="1" skipped="0" failures="0" errors="0" timestamp="2023-04-08T10:27:51" hostname="MOE-5846675709" time="0.002">
  <properties/>
  <testcase name="login1" classname="tests.Login" time="0.002"/>
  <system-out><![CDATA[]]></system-out>
  <system-err><![CDATA[]]></system-err>
</testsuite>
