<?xml version="1.0" encoding="UTF-8"?>
<testsuite name="tests.BoardDeletion" tests="1" skipped="0" failures="0" errors="0" timestamp="2023-04-12T12:18:37" hostname="MOE-5846675709" time="10.933">
  <properties/>
  <testcase name="boardDeletion" classname="tests.BoardDeletion" time="10.933"/>
  <system-out><![CDATA[]]></system-out>
  <system-err><![CDATA[]]></system-err>
</testsuite>
