<?xml version="1.0" encoding="UTF-8"?>
<testsuite name="tests.Login" tests="1" skipped="0" failures="0" errors="0" timestamp="2023-04-08T16:12:30" hostname="MOE-5846675709" time="14.087">
  <properties/>
  <testcase name="login1" classname="tests.Login" time="14.087"/>
  <system-out><![CDATA[]]></system-out>
  <system-err><![CDATA[]]></system-err>
</testsuite>
